__main__-2024-11-29 06:58:28,552-DEBUG-デバッグログ
__main__-2024-11-29 06:58:28,555-INFO-インフォログ
__main__-2024-11-29 06:58:28,555-WARNING-ワーニングログ
__main__-2024-11-29 06:58:28,556-ERROR-エラーログ
__main__-2024-11-29 06:58:28,556-CRITICAL-クリティカルログ
__main__-2024-11-29 06:58:29,558-DEBUG-デバッグログ
__main__-2024-11-29 06:58:29,559-INFO-インフォログ
__main__-2024-11-29 06:58:29,559-WARNING-ワーニングログ
__main__-2024-11-29 06:58:29,559-ERROR-エラーログ
__main__-2024-11-29 06:58:29,561-CRITICAL-クリティカルログ
__main__-2024-11-29 06:58:30,564-DEBUG-デバッグログ
__main__-2024-11-29 06:58:30,565-INFO-インフォログ
__main__-2024-11-29 06:58:30,565-WARNING-ワーニングログ
__main__-2024-11-29 06:58:30,565-ERROR-エラーログ
__main__-2024-11-29 06:58:30,565-CRITICAL-クリティカルログ
__main__-2024-11-29 06:58:31,566-DEBUG-デバッグログ
__main__-2024-11-29 06:58:31,567-INFO-インフォログ
__main__-2024-11-29 06:58:31,567-WARNING-ワーニングログ
__main__-2024-11-29 06:58:31,567-ERROR-エラーログ
__main__-2024-11-29 06:58:31,567-CRITICAL-クリティカルログ
__main__-2024-11-29 06:58:32,572-DEBUG-デバッグログ
__main__-2024-11-29 06:58:32,573-INFO-インフォログ
__main__-2024-11-29 06:58:32,573-WARNING-ワーニングログ
__main__-2024-11-29 06:58:32,573-ERROR-エラーログ
__main__-2024-11-29 06:58:32,573-CRITICAL-クリティカルログ
__main__-2024-11-29 06:58:33,580-DEBUG-デバッグログ
__main__-2024-11-29 06:58:33,580-INFO-インフォログ
__main__-2024-11-29 06:58:33,580-WARNING-ワーニングログ
__main__-2024-11-29 06:58:33,581-ERROR-エラーログ
__main__-2024-11-29 06:58:33,581-CRITICAL-クリティカルログ
__main__-2024-11-29 06:58:34,583-DEBUG-デバッグログ
__main__-2024-11-29 06:58:34,584-INFO-インフォログ
__main__-2024-11-29 06:58:34,584-WARNING-ワーニングログ
__main__-2024-11-29 06:58:34,584-ERROR-エラーログ
__main__-2024-11-29 06:58:34,584-CRITICAL-クリティカルログ
__main__-2024-11-29 06:58:35,588-DEBUG-デバッグログ
__main__-2024-11-29 06:58:35,588-INFO-インフォログ
__main__-2024-11-29 06:58:35,588-WARNING-ワーニングログ
__main__-2024-11-29 06:58:35,588-ERROR-エラーログ
__main__-2024-11-29 06:58:35,588-CRITICAL-クリティカルログ
__main__-2024-11-29 06:58:36,593-DEBUG-デバッグログ
__main__-2024-11-29 06:58:36,597-INFO-インフォログ
__main__-2024-11-29 06:58:36,597-WARNING-ワーニングログ
__main__-2024-11-29 06:58:36,597-ERROR-エラーログ
__main__-2024-11-29 06:58:36,597-CRITICAL-クリティカルログ
